0 info it worked if it ends with ok
1 verbose cli [ 'C:\\Program Files (x86)\\nodejs\\\\node.exe',
1 verbose cli   'C:\\Program Files (x86)\\nodejs\\node_modules\\npm\\bin\\npm-cli.js',
1 verbose cli   'start' ]
2 info using npm@1.3.11
3 info using node@v0.10.21
4 verbose node symlink C:\Program Files (x86)\nodejs\\node.exe
5 error Error: ENOENT, open 'Z:\home\localhost\www\rns\gamev0.5\server\package.json'
6 error If you need help, you may report this log at:
6 error     <http://github.com/isaacs/npm/issues>
6 error or email it to:
6 error     <npm-@googlegroups.com>
7 error System Windows_NT 6.1.7601
8 error command "C:\\Program Files (x86)\\nodejs\\\\node.exe" "C:\\Program Files (x86)\\nodejs\\node_modules\\npm\\bin\\npm-cli.js" "start"
9 error cwd Z:\home\localhost\www\rns\gamev0.5\server
10 error node -v v0.10.21
11 error npm -v 1.3.11
12 error path Z:\home\localhost\www\rns\gamev0.5\server\package.json
13 error code ENOENT
14 error errno 34
15 verbose exit [ 34, true ]
